<?xml version="1.0" encoding="UTF-8"?>
<!-- Generated by org.testng.reporters.JUnitXMLReporter -->
<testsuite hostname="DESKTOP-JPA3P61" ignored="4" name="smoke" tests="3" failures="0" timestamp="2022-09-24T09:46:04 IST" time="111.875" errors="0">
  <testcase name="toAddAccessriesInToCart" time="10.266" classname="computers.TC_006_ToAddAccessriesInToCart"/>
  <testcase name="toAddCheapComputerInCart" time="16.371" classname="computers.TC_001_ToAddCheapComputerInCart"/>
  <testcase name="ToAddNotebookInCart" time="6.327" classname="computers.TC_005ToAddNotebookInCart"/>
  <testcase name="sample" time="0.0" classname="computers.SampleTestCase">
    <ignored/>
  </testcase> <!-- sample -->
  <testcase name="ToHandleDisplayAropDown" time="0.0" classname="computers.TC_003_ToHandleDisplayAropDown">
    <ignored/>
  </testcase> <!-- ToHandleDisplayAropDown -->
  <testcase name="ToHandleViewAsDropDown" time="0.0" classname="computers.TC_004_ToHandleViewAsDropdown">
    <ignored/>
  </testcase> <!-- ToHandleViewAsDropDown -->
  <testcase name="ToHandleDropdown" time="0.0" classname="computers.TC_002_ToHandleDropdown">
    <ignored/>
  </testcase> <!-- ToHandleDropdown -->
</testsuite> <!-- smoke -->
