<?xml version="1.0" encoding="UTF-8"?>
<!-- Generated by org.testng.reporters.JUnitXMLReporter -->
<testsuite hostname="DESKTOP-JPA3P61" ignored="0" name="Test" tests="7" failures="0" timestamp="2022-09-24T09:49:23 IST" time="105.482" errors="0">
  <testcase name="toAddAccessriesInToCart" time="4.55" classname="computers.TC_006_ToAddAccessriesInToCart"/>
  <testcase name="toAddCheapComputerInCart" time="6.357" classname="computers.TC_001_ToAddCheapComputerInCart"/>
  <testcase name="ToHandleDisplayAropDown" time="3.078" classname="computers.TC_003_ToHandleDisplayAropDown"/>
  <testcase name="ToHandleDropdown" time="2.968" classname="computers.TC_002_ToHandleDropdown"/>
  <testcase name="ToAddNotebookInCart" time="5.521" classname="computers.TC_005ToAddNotebookInCart"/>
  <testcase name="ToHandleViewAsDropDown" time="3.302" classname="computers.TC_004_ToHandleViewAsDropdown"/>
  <testcase name="sample" time="1.143" classname="computers.SampleTestCase"/>
</testsuite> <!-- Test -->
